2026-06-15 18:58:21,308 [INFO] ==================================================
2026-06-15 18:58:21,308 [INFO] 🚀 SPOT 24/7 Background Scraping Daemon Started!
2026-06-15 18:58:21,308 [INFO] SPOT Feed ID: 0FOq6U5ICzOEL4qCqbM8YrAOqUzP8uGUp
2026-06-15 18:58:21,308 [INFO] Polling Interval: 60 seconds
2026-06-15 18:58:21,308 [INFO] Database Path: /Users/andreybadikov/spot-tracker/data/tracking.db
2026-06-15 18:58:21,308 [INFO] Telegram Notification Integration: NOT CONFIGURED (Alerts Skipped)
2026-06-15 18:58:21,308 [INFO] ==================================================
2026-06-15 18:58:21,311 [INFO] Database initialized successfully.
2026-06-15 18:58:21,311 [INFO] Initiating SPOT feed poll cycle...
2026-06-15 18:58:21,311 [INFO] Fetching SPOT feed data from URL: https://api.findmespot.com/spot-main-web/consumer/rest-api/2.0/public/feed/0FOq6U5ICzOEL4qCqbM8YrAOqUzP8uGUp/message.json?startDate=2026-06-14T15:58:21-0000&endDate=2026-06-15T15:58:21-0000
2026-06-15 18:58:21,560 [INFO] No messages found in the SPOT response.
2026-06-15 18:58:21,560 [INFO] Sync complete. No new points found.
2026-06-15 18:59:21,778 [INFO] Initiating SPOT feed poll cycle...
2026-06-15 18:59:21,778 [INFO] Fetching SPOT feed data from URL: https://api.findmespot.com/spot-main-web/consumer/rest-api/2.0/public/feed/0FOq6U5ICzOEL4qCqbM8YrAOqUzP8uGUp/message.json?startDate=2026-06-14T15:59:21-0000&endDate=2026-06-15T15:59:21-0000
2026-06-15 18:59:22,107 [INFO] No messages found in the SPOT response.
2026-06-15 18:59:22,107 [INFO] Sync complete. No new points found.
2026-06-15 19:00:22,339 [INFO] Initiating SPOT feed poll cycle...
2026-06-15 19:00:22,341 [INFO] Fetching SPOT feed data from URL: https://api.findmespot.com/spot-main-web/consumer/rest-api/2.0/public/feed/0FOq6U5ICzOEL4qCqbM8YrAOqUzP8uGUp/message.json?startDate=2026-06-14T16:00:22-0000&endDate=2026-06-15T16:00:22-0000
2026-06-15 19:00:22,621 [INFO] No messages found in the SPOT response.
2026-06-15 19:00:22,622 [INFO] Sync complete. No new points found.
2026-06-15 19:01:22,824 [INFO] Initiating SPOT feed poll cycle...
2026-06-15 19:01:22,825 [INFO] Fetching SPOT feed data from URL: https://api.findmespot.com/spot-main-web/consumer/rest-api/2.0/public/feed/0FOq6U5ICzOEL4qCqbM8YrAOqUzP8uGUp/message.json?startDate=2026-06-14T16:01:22-0000&endDate=2026-06-15T16:01:22-0000
2026-06-15 19:01:23,064 [INFO] No messages found in the SPOT response.
2026-06-15 19:01:23,064 [INFO] Sync complete. No new points found.
2026-06-15 19:02:23,289 [INFO] Initiating SPOT feed poll cycle...
2026-06-15 19:02:23,289 [INFO] Fetching SPOT feed data from URL: https://api.findmespot.com/spot-main-web/consumer/rest-api/2.0/public/feed/0FOq6U5ICzOEL4qCqbM8YrAOqUzP8uGUp/message.json?startDate=2026-06-14T16:02:23-0000&endDate=2026-06-15T16:02:23-0000
2026-06-15 19:02:23,511 [INFO] No messages found in the SPOT response.
2026-06-15 19:02:23,512 [INFO] Sync complete. No new points found.
2026-06-15 19:03:23,710 [INFO] Initiating SPOT feed poll cycle...
2026-06-15 19:03:23,711 [INFO] Fetching SPOT feed data from URL: https://api.findmespot.com/spot-main-web/consumer/rest-api/2.0/public/feed/0FOq6U5ICzOEL4qCqbM8YrAOqUzP8uGUp/message.json?startDate=2026-06-14T16:03:23-0000&endDate=2026-06-15T16:03:23-0000
2026-06-15 19:03:24,026 [INFO] No messages found in the SPOT response.
2026-06-15 19:03:24,026 [INFO] Sync complete. No new points found.
2026-06-15 19:04:24,233 [INFO] Initiating SPOT feed poll cycle...
2026-06-15 19:04:24,234 [INFO] Fetching SPOT feed data from URL: https://api.findmespot.com/spot-main-web/consumer/rest-api/2.0/public/feed/0FOq6U5ICzOEL4qCqbM8YrAOqUzP8uGUp/message.json?startDate=2026-06-14T16:04:24-0000&endDate=2026-06-15T16:04:24-0000
2026-06-15 19:04:24,456 [INFO] No messages found in the SPOT response.
2026-06-15 19:04:24,456 [INFO] Sync complete. No new points found.
2026-06-15 19:05:24,670 [INFO] Initiating SPOT feed poll cycle...
2026-06-15 19:05:24,673 [INFO] Fetching SPOT feed data from URL: https://api.findmespot.com/spot-main-web/consumer/rest-api/2.0/public/feed/0FOq6U5ICzOEL4qCqbM8YrAOqUzP8uGUp/message.json?startDate=2026-06-14T16:05:24-0000&endDate=2026-06-15T16:05:24-0000
2026-06-15 19:05:24,971 [INFO] No messages found in the SPOT response.
2026-06-15 19:05:24,972 [INFO] Sync complete. No new points found.
2026-06-15 19:06:25,173 [INFO] Initiating SPOT feed poll cycle...
2026-06-15 19:06:25,174 [INFO] Fetching SPOT feed data from URL: https://api.findmespot.com/spot-main-web/consumer/rest-api/2.0/public/feed/0FOq6U5ICzOEL4qCqbM8YrAOqUzP8uGUp/message.json?startDate=2026-06-14T16:06:25-0000&endDate=2026-06-15T16:06:25-0000
2026-06-15 19:06:25,394 [INFO] No messages found in the SPOT response.
2026-06-15 19:06:25,394 [INFO] Sync complete. No new points found.
2026-06-15 19:07:25,596 [INFO] Initiating SPOT feed poll cycle...
2026-06-15 19:07:25,596 [INFO] Fetching SPOT feed data from URL: https://api.findmespot.com/spot-main-web/consumer/rest-api/2.0/public/feed/0FOq6U5ICzOEL4qCqbM8YrAOqUzP8uGUp/message.json?startDate=2026-06-14T16:07:25-0000&endDate=2026-06-15T16:07:25-0000
2026-06-15 19:07:25,810 [INFO] No messages found in the SPOT response.
2026-06-15 19:07:25,810 [INFO] Sync complete. No new points found.
2026-06-15 19:08:26,046 [INFO] Initiating SPOT feed poll cycle...
2026-06-15 19:08:26,046 [INFO] Fetching SPOT feed data from URL: https://api.findmespot.com/spot-main-web/consumer/rest-api/2.0/public/feed/0FOq6U5ICzOEL4qCqbM8YrAOqUzP8uGUp/message.json?startDate=2026-06-14T16:08:26-0000&endDate=2026-06-15T16:08:26-0000
2026-06-15 19:08:26,320 [INFO] No messages found in the SPOT response.
2026-06-15 19:08:26,320 [INFO] Sync complete. No new points found.
2026-06-15 19:09:26,536 [INFO] Initiating SPOT feed poll cycle...
2026-06-15 19:09:26,537 [INFO] Fetching SPOT feed data from URL: https://api.findmespot.com/spot-main-web/consumer/rest-api/2.0/public/feed/0FOq6U5ICzOEL4qCqbM8YrAOqUzP8uGUp/message.json?startDate=2026-06-14T16:09:26-0000&endDate=2026-06-15T16:09:26-0000
2026-06-15 19:09:26,822 [INFO] No messages found in the SPOT response.
2026-06-15 19:09:26,822 [INFO] Sync complete. No new points found.
2026-06-15 19:10:27,025 [INFO] Initiating SPOT feed poll cycle...
2026-06-15 19:10:27,026 [INFO] Fetching SPOT feed data from URL: https://api.findmespot.com/spot-main-web/consumer/rest-api/2.0/public/feed/0FOq6U5ICzOEL4qCqbM8YrAOqUzP8uGUp/message.json?startDate=2026-06-14T16:10:27-0000&endDate=2026-06-15T16:10:27-0000
2026-06-15 19:10:27,241 [INFO] No messages found in the SPOT response.
2026-06-15 19:10:27,241 [INFO] Sync complete. No new points found.
2026-06-15 19:11:27,461 [INFO] Initiating SPOT feed poll cycle...
2026-06-15 19:11:27,462 [INFO] Fetching SPOT feed data from URL: https://api.findmespot.com/spot-main-web/consumer/rest-api/2.0/public/feed/0FOq6U5ICzOEL4qCqbM8YrAOqUzP8uGUp/message.json?startDate=2026-06-14T16:11:27-0000&endDate=2026-06-15T16:11:27-0000
2026-06-15 19:11:27,723 [INFO] No messages found in the SPOT response.
2026-06-15 19:11:27,724 [INFO] Sync complete. No new points found.
2026-06-15 19:12:27,935 [INFO] Initiating SPOT feed poll cycle...
2026-06-15 19:12:27,936 [INFO] Fetching SPOT feed data from URL: https://api.findmespot.com/spot-main-web/consumer/rest-api/2.0/public/feed/0FOq6U5ICzOEL4qCqbM8YrAOqUzP8uGUp/message.json?startDate=2026-06-14T16:12:27-0000&endDate=2026-06-15T16:12:27-0000
2026-06-15 19:12:28,323 [INFO] No messages found in the SPOT response.
2026-06-15 19:12:28,323 [INFO] Sync complete. No new points found.
2026-06-15 19:13:28,528 [INFO] Initiating SPOT feed poll cycle...
2026-06-15 19:13:28,529 [INFO] Fetching SPOT feed data from URL: https://api.findmespot.com/spot-main-web/consumer/rest-api/2.0/public/feed/0FOq6U5ICzOEL4qCqbM8YrAOqUzP8uGUp/message.json?startDate=2026-06-14T16:13:28-0000&endDate=2026-06-15T16:13:28-0000
2026-06-15 19:13:28,834 [INFO] No messages found in the SPOT response.
2026-06-15 19:13:28,834 [INFO] Sync complete. No new points found.
2026-06-15 19:14:29,056 [INFO] Initiating SPOT feed poll cycle...
2026-06-15 19:14:29,057 [INFO] Fetching SPOT feed data from URL: https://api.findmespot.com/spot-main-web/consumer/rest-api/2.0/public/feed/0FOq6U5ICzOEL4qCqbM8YrAOqUzP8uGUp/message.json?startDate=2026-06-14T16:14:29-0000&endDate=2026-06-15T16:14:29-0000
2026-06-15 19:14:29,325 [INFO] No messages found in the SPOT response.
2026-06-15 19:14:29,326 [INFO] Sync complete. No new points found.
2026-06-15 19:15:29,562 [INFO] Initiating SPOT feed poll cycle...
2026-06-15 19:15:29,562 [INFO] Fetching SPOT feed data from URL: https://api.findmespot.com/spot-main-web/consumer/rest-api/2.0/public/feed/0FOq6U5ICzOEL4qCqbM8YrAOqUzP8uGUp/message.json?startDate=2026-06-14T16:15:29-0000&endDate=2026-06-15T16:15:29-0000
2026-06-15 19:15:29,806 [INFO] No messages found in the SPOT response.
2026-06-15 19:15:29,807 [INFO] Sync complete. No new points found.
2026-06-15 19:16:30,005 [INFO] Initiating SPOT feed poll cycle...
2026-06-15 19:16:30,005 [INFO] Fetching SPOT feed data from URL: https://api.findmespot.com/spot-main-web/consumer/rest-api/2.0/public/feed/0FOq6U5ICzOEL4qCqbM8YrAOqUzP8uGUp/message.json?startDate=2026-06-14T16:16:30-0000&endDate=2026-06-15T16:16:30-0000
2026-06-15 19:16:30,237 [INFO] No messages found in the SPOT response.
2026-06-15 19:16:30,237 [INFO] Sync complete. No new points found.
2026-06-15 19:17:30,430 [INFO] Initiating SPOT feed poll cycle...
2026-06-15 19:17:30,430 [INFO] Fetching SPOT feed data from URL: https://api.findmespot.com/spot-main-web/consumer/rest-api/2.0/public/feed/0FOq6U5ICzOEL4qCqbM8YrAOqUzP8uGUp/message.json?startDate=2026-06-14T16:17:30-0000&endDate=2026-06-15T16:17:30-0000
2026-06-15 19:17:30,708 [INFO] No messages found in the SPOT response.
2026-06-15 19:17:30,709 [INFO] Sync complete. No new points found.
2026-06-15 19:18:30,898 [INFO] Initiating SPOT feed poll cycle...
2026-06-15 19:18:30,899 [INFO] Fetching SPOT feed data from URL: https://api.findmespot.com/spot-main-web/consumer/rest-api/2.0/public/feed/0FOq6U5ICzOEL4qCqbM8YrAOqUzP8uGUp/message.json?startDate=2026-06-14T16:18:30-0000&endDate=2026-06-15T16:18:30-0000
2026-06-15 19:18:31,139 [INFO] No messages found in the SPOT response.
2026-06-15 19:18:31,140 [INFO] Sync complete. No new points found.
2026-06-15 19:19:31,355 [INFO] Initiating SPOT feed poll cycle...
2026-06-15 19:19:31,355 [INFO] Fetching SPOT feed data from URL: https://api.findmespot.com/spot-main-web/consumer/rest-api/2.0/public/feed/0FOq6U5ICzOEL4qCqbM8YrAOqUzP8uGUp/message.json?startDate=2026-06-14T16:19:31-0000&endDate=2026-06-15T16:19:31-0000
2026-06-15 19:19:31,578 [INFO] No messages found in the SPOT response.
2026-06-15 19:19:31,578 [INFO] Sync complete. No new points found.
2026-06-15 19:20:02,968 [INFO] ==================================================
2026-06-15 19:20:02,968 [INFO] 🚀 SPOT 24/7 Background Scraping Daemon Started!
2026-06-15 19:20:02,968 [INFO] SPOT Feed ID: 0FOq6U5ICzOEL4qCqbM8YrAOqUzP8uGUp
2026-06-15 19:20:02,968 [INFO] Polling Interval: 60 seconds
2026-06-15 19:20:02,968 [INFO] Database Path: /Users/andreybadikov/spot-tracker/data/tracking.db
2026-06-15 19:20:02,968 [INFO] Telegram Notification Integration: NOT CONFIGURED (Alerts Skipped)
2026-06-15 19:20:02,968 [INFO] ==================================================
2026-06-15 19:20:02,971 [INFO] Database initialized successfully.
2026-06-15 19:20:02,971 [INFO] Initiating SPOT feed poll cycle...
2026-06-15 19:20:02,971 [INFO] Fetching SPOT feed data from URL: https://api.findmespot.com/spot-main-web/consumer/rest-api/2.0/public/feed/0FOq6U5ICzOEL4qCqbM8YrAOqUzP8uGUp/message.json?startDate=2026-06-14T16:20:02-0000&endDate=2026-06-15T16:20:02-0000
2026-06-15 19:20:03,205 [INFO] No messages found in the SPOT response.
2026-06-15 19:20:03,206 [INFO] Sync complete. No new points found.
2026-06-15 19:21:03,702 [INFO] Initiating SPOT feed poll cycle...
2026-06-15 19:21:03,703 [INFO] Fetching SPOT feed data from URL: https://api.findmespot.com/spot-main-web/consumer/rest-api/2.0/public/feed/0FOq6U5ICzOEL4qCqbM8YrAOqUzP8uGUp/message.json?startDate=2026-06-14T16:21:03-0000&endDate=2026-06-15T16:21:03-0000
2026-06-15 19:21:03,921 [INFO] No messages found in the SPOT response.
2026-06-15 19:21:03,921 [INFO] Sync complete. No new points found.
2026-06-15 19:22:04,119 [INFO] Initiating SPOT feed poll cycle...
2026-06-15 19:22:04,121 [INFO] Fetching SPOT feed data from URL: https://api.findmespot.com/spot-main-web/consumer/rest-api/2.0/public/feed/0FOq6U5ICzOEL4qCqbM8YrAOqUzP8uGUp/message.json?startDate=2026-06-14T16:22:04-0000&endDate=2026-06-15T16:22:04-0000
2026-06-15 19:22:04,430 [INFO] No messages found in the SPOT response.
2026-06-15 19:22:04,430 [INFO] Sync complete. No new points found.
2026-06-15 19:23:04,628 [INFO] Initiating SPOT feed poll cycle...
2026-06-15 19:23:04,630 [INFO] Fetching SPOT feed data from URL: https://api.findmespot.com/spot-main-web/consumer/rest-api/2.0/public/feed/0FOq6U5ICzOEL4qCqbM8YrAOqUzP8uGUp/message.json?startDate=2026-06-14T16:23:04-0000&endDate=2026-06-15T16:23:04-0000
2026-06-15 19:23:04,925 [INFO] No messages found in the SPOT response.
2026-06-15 19:23:04,926 [INFO] Sync complete. No new points found.
2026-06-15 19:24:05,140 [INFO] Initiating SPOT feed poll cycle...
2026-06-15 19:24:05,140 [INFO] Fetching SPOT feed data from URL: https://api.findmespot.com/spot-main-web/consumer/rest-api/2.0/public/feed/0FOq6U5ICzOEL4qCqbM8YrAOqUzP8uGUp/message.json?startDate=2026-06-14T16:24:05-0000&endDate=2026-06-15T16:24:05-0000
2026-06-15 19:24:05,356 [INFO] No messages found in the SPOT response.
2026-06-15 19:24:05,356 [INFO] Sync complete. No new points found.
2026-06-15 19:25:05,543 [INFO] Initiating SPOT feed poll cycle...
2026-06-15 19:25:05,544 [INFO] Fetching SPOT feed data from URL: https://api.findmespot.com/spot-main-web/consumer/rest-api/2.0/public/feed/0FOq6U5ICzOEL4qCqbM8YrAOqUzP8uGUp/message.json?startDate=2026-06-14T16:25:05-0000&endDate=2026-06-15T16:25:05-0000
2026-06-15 19:25:05,835 [INFO] No messages found in the SPOT response.
2026-06-15 19:25:05,835 [INFO] Sync complete. No new points found.
2026-06-15 19:26:06,042 [INFO] Initiating SPOT feed poll cycle...
2026-06-15 19:26:06,042 [INFO] Fetching SPOT feed data from URL: https://api.findmespot.com/spot-main-web/consumer/rest-api/2.0/public/feed/0FOq6U5ICzOEL4qCqbM8YrAOqUzP8uGUp/message.json?startDate=2026-06-14T16:26:06-0000&endDate=2026-06-15T16:26:06-0000
2026-06-15 19:26:06,346 [INFO] No messages found in the SPOT response.
2026-06-15 19:26:06,347 [INFO] Sync complete. No new points found.
2026-06-15 19:27:06,561 [INFO] Initiating SPOT feed poll cycle...
2026-06-15 19:27:06,562 [INFO] Fetching SPOT feed data from URL: https://api.findmespot.com/spot-main-web/consumer/rest-api/2.0/public/feed/0FOq6U5ICzOEL4qCqbM8YrAOqUzP8uGUp/message.json?startDate=2026-06-14T16:27:06-0000&endDate=2026-06-15T16:27:06-0000
2026-06-15 19:27:06,783 [INFO] No messages found in the SPOT response.
2026-06-15 19:27:06,783 [INFO] Sync complete. No new points found.
2026-06-15 19:27:56,714 [INFO] ==================================================
2026-06-15 19:27:56,714 [INFO] 🚀 SPOT 24/7 Background Scraping Daemon Started!
2026-06-15 19:27:56,714 [INFO] SPOT Feed ID: 0FOq6U5ICzOEL4qCqbM8YrAOqUzP8uGUp
2026-06-15 19:27:56,714 [INFO] Polling Interval: 60 seconds
2026-06-15 19:27:56,714 [INFO] Database Path: /Users/andreybadikov/spot-tracker/data/tracking.db
2026-06-15 19:27:56,714 [INFO] Telegram Notification Integration: NOT CONFIGURED (Alerts Skipped)
2026-06-15 19:27:56,714 [INFO] ==================================================
2026-06-15 19:27:56,717 [INFO] Database initialized successfully.
2026-06-15 19:27:56,717 [INFO] Initiating SPOT feed poll cycle...
2026-06-15 19:27:56,717 [INFO] Fetching SPOT feed data from URL: https://api.findmespot.com/spot-main-web/consumer/rest-api/2.0/public/feed/0FOq6U5ICzOEL4qCqbM8YrAOqUzP8uGUp/message.json?startDate=2026-06-14T16:27:56-0000&endDate=2026-06-15T16:27:56-0000
2026-06-15 19:27:57,063 [INFO] No messages found in the SPOT response.
2026-06-15 19:27:57,063 [INFO] Sync complete. No new points found.
2026-06-15 19:28:57,272 [INFO] Initiating SPOT feed poll cycle...
2026-06-15 19:28:57,273 [INFO] Fetching SPOT feed data from URL: https://api.findmespot.com/spot-main-web/consumer/rest-api/2.0/public/feed/0FOq6U5ICzOEL4qCqbM8YrAOqUzP8uGUp/message.json?startDate=2026-06-14T16:28:57-0000&endDate=2026-06-15T16:28:57-0000
2026-06-15 19:28:57,581 [INFO] No messages found in the SPOT response.
2026-06-15 19:28:57,582 [INFO] Sync complete. No new points found.
2026-06-15 19:29:57,787 [INFO] Initiating SPOT feed poll cycle...
2026-06-15 19:29:57,787 [INFO] Fetching SPOT feed data from URL: https://api.findmespot.com/spot-main-web/consumer/rest-api/2.0/public/feed/0FOq6U5ICzOEL4qCqbM8YrAOqUzP8uGUp/message.json?startDate=2026-06-14T16:29:57-0000&endDate=2026-06-15T16:29:57-0000
2026-06-15 19:29:58,095 [INFO] No messages found in the SPOT response.
2026-06-15 19:29:58,095 [INFO] Sync complete. No new points found.
2026-06-15 19:30:58,304 [INFO] Initiating SPOT feed poll cycle...
2026-06-15 19:30:58,304 [INFO] Fetching SPOT feed data from URL: https://api.findmespot.com/spot-main-web/consumer/rest-api/2.0/public/feed/0FOq6U5ICzOEL4qCqbM8YrAOqUzP8uGUp/message.json?startDate=2026-06-14T16:30:58-0000&endDate=2026-06-15T16:30:58-0000
2026-06-15 19:30:58,532 [INFO] No messages found in the SPOT response.
2026-06-15 19:30:58,533 [INFO] Sync complete. No new points found.
2026-06-15 19:31:58,730 [INFO] Initiating SPOT feed poll cycle...
2026-06-15 19:31:58,730 [INFO] Fetching SPOT feed data from URL: https://api.findmespot.com/spot-main-web/consumer/rest-api/2.0/public/feed/0FOq6U5ICzOEL4qCqbM8YrAOqUzP8uGUp/message.json?startDate=2026-06-14T16:31:58-0000&endDate=2026-06-15T16:31:58-0000
2026-06-15 19:31:58,989 [INFO] No messages found in the SPOT response.
2026-06-15 19:31:58,989 [INFO] Sync complete. No new points found.
2026-06-15 19:32:59,217 [INFO] Initiating SPOT feed poll cycle...
2026-06-15 19:32:59,217 [INFO] Fetching SPOT feed data from URL: https://api.findmespot.com/spot-main-web/consumer/rest-api/2.0/public/feed/0FOq6U5ICzOEL4qCqbM8YrAOqUzP8uGUp/message.json?startDate=2026-06-14T16:32:59-0000&endDate=2026-06-15T16:32:59-0000
2026-06-15 19:32:59,510 [INFO] No messages found in the SPOT response.
2026-06-15 19:32:59,510 [INFO] Sync complete. No new points found.
2026-06-15 19:33:59,733 [INFO] Initiating SPOT feed poll cycle...
2026-06-15 19:33:59,734 [INFO] Fetching SPOT feed data from URL: https://api.findmespot.com/spot-main-web/consumer/rest-api/2.0/public/feed/0FOq6U5ICzOEL4qCqbM8YrAOqUzP8uGUp/message.json?startDate=2026-06-14T16:33:59-0000&endDate=2026-06-15T16:33:59-0000
2026-06-15 19:33:59,966 [INFO] No messages found in the SPOT response.
2026-06-15 19:33:59,966 [INFO] Sync complete. No new points found.
2026-06-15 19:35:00,155 [INFO] Initiating SPOT feed poll cycle...
2026-06-15 19:35:00,156 [INFO] Fetching SPOT feed data from URL: https://api.findmespot.com/spot-main-web/consumer/rest-api/2.0/public/feed/0FOq6U5ICzOEL4qCqbM8YrAOqUzP8uGUp/message.json?startDate=2026-06-14T16:35:00-0000&endDate=2026-06-15T16:35:00-0000
2026-06-15 19:35:00,398 [INFO] No messages found in the SPOT response.
2026-06-15 19:35:00,398 [INFO] Sync complete. No new points found.
2026-06-15 19:36:00,609 [INFO] Initiating SPOT feed poll cycle...
2026-06-15 19:36:00,610 [INFO] Fetching SPOT feed data from URL: https://api.findmespot.com/spot-main-web/consumer/rest-api/2.0/public/feed/0FOq6U5ICzOEL4qCqbM8YrAOqUzP8uGUp/message.json?startDate=2026-06-14T16:36:00-0000&endDate=2026-06-15T16:36:00-0000
2026-06-15 19:36:00,888 [INFO] No messages found in the SPOT response.
2026-06-15 19:36:00,889 [INFO] Sync complete. No new points found.
2026-06-15 19:37:01,245 [INFO] Initiating SPOT feed poll cycle...
2026-06-15 19:37:01,246 [INFO] Fetching SPOT feed data from URL: https://api.findmespot.com/spot-main-web/consumer/rest-api/2.0/public/feed/0FOq6U5ICzOEL4qCqbM8YrAOqUzP8uGUp/message.json?startDate=2026-06-14T16:37:01-0000&endDate=2026-06-15T16:37:01-0000
2026-06-15 19:37:01,474 [INFO] No messages found in the SPOT response.
2026-06-15 19:37:01,475 [INFO] Sync complete. No new points found.
2026-06-15 19:38:01,686 [INFO] Initiating SPOT feed poll cycle...
2026-06-15 19:38:01,686 [INFO] Fetching SPOT feed data from URL: https://api.findmespot.com/spot-main-web/consumer/rest-api/2.0/public/feed/0FOq6U5ICzOEL4qCqbM8YrAOqUzP8uGUp/message.json?startDate=2026-06-14T16:38:01-0000&endDate=2026-06-15T16:38:01-0000
2026-06-15 19:38:01,940 [INFO] No messages found in the SPOT response.
2026-06-15 19:38:01,941 [INFO] Sync complete. No new points found.
2026-06-15 19:39:02,291 [INFO] Initiating SPOT feed poll cycle...
2026-06-15 19:39:02,292 [INFO] Fetching SPOT feed data from URL: https://api.findmespot.com/spot-main-web/consumer/rest-api/2.0/public/feed/0FOq6U5ICzOEL4qCqbM8YrAOqUzP8uGUp/message.json?startDate=2026-06-14T16:39:02-0000&endDate=2026-06-15T16:39:02-0000
2026-06-15 19:39:02,521 [INFO] No messages found in the SPOT response.
2026-06-15 19:39:02,522 [INFO] Sync complete. No new points found.
2026-06-15 19:40:02,725 [INFO] Initiating SPOT feed poll cycle...
2026-06-15 19:40:02,726 [INFO] Fetching SPOT feed data from URL: https://api.findmespot.com/spot-main-web/consumer/rest-api/2.0/public/feed/0FOq6U5ICzOEL4qCqbM8YrAOqUzP8uGUp/message.json?startDate=2026-06-14T16:40:02-0000&endDate=2026-06-15T16:40:02-0000
2026-06-15 19:40:02,967 [INFO] No messages found in the SPOT response.
2026-06-15 19:40:02,968 [INFO] Sync complete. No new points found.
2026-06-15 19:41:03,165 [INFO] Initiating SPOT feed poll cycle...
2026-06-15 19:41:03,165 [INFO] Fetching SPOT feed data from URL: https://api.findmespot.com/spot-main-web/consumer/rest-api/2.0/public/feed/0FOq6U5ICzOEL4qCqbM8YrAOqUzP8uGUp/message.json?startDate=2026-06-14T16:41:03-0000&endDate=2026-06-15T16:41:03-0000
2026-06-15 19:41:03,381 [INFO] No messages found in the SPOT response.
2026-06-15 19:41:03,382 [INFO] Sync complete. No new points found.
2026-06-15 19:42:03,596 [INFO] Initiating SPOT feed poll cycle...
2026-06-15 19:42:03,597 [INFO] Fetching SPOT feed data from URL: https://api.findmespot.com/spot-main-web/consumer/rest-api/2.0/public/feed/0FOq6U5ICzOEL4qCqbM8YrAOqUzP8uGUp/message.json?startDate=2026-06-14T16:42:03-0000&endDate=2026-06-15T16:42:03-0000
2026-06-15 19:42:03,848 [INFO] No messages found in the SPOT response.
2026-06-15 19:42:03,848 [INFO] Sync complete. No new points found.
2026-06-15 19:43:04,077 [INFO] Initiating SPOT feed poll cycle...
2026-06-15 19:43:04,077 [INFO] Fetching SPOT feed data from URL: https://api.findmespot.com/spot-main-web/consumer/rest-api/2.0/public/feed/0FOq6U5ICzOEL4qCqbM8YrAOqUzP8uGUp/message.json?startDate=2026-06-14T16:43:04-0000&endDate=2026-06-15T16:43:04-0000
2026-06-15 19:43:04,283 [INFO] No messages found in the SPOT response.
2026-06-15 19:43:04,283 [INFO] Sync complete. No new points found.
